<?xml version="1.0" encoding="UTF-8"?>
<testsuite xmlns:xsi="http://www.w3.org/2001/XMLSchema-instance" xsi:noNamespaceSchemaLocation="https://maven.apache.org/surefire/maven-failsafe-plugin/xsd/failsafe-test-report-3.0.xsd" version="3.0" name="org.apache.shiro.test.ContainerIntegrationIT" time="10.956" tests="1" errors="0" skipped="0" failures="0">
  <properties>
    <property name="sun.desktop" value="windows"/>
    <property name="awt.toolkit" value="sun.awt.windows.WToolkit"/>
    <property name="file.encoding.pkg" value="sun.io"/>
    <property name="java.specification.version" value="1.8"/>
    <property name="sun.cpu.isalist" value="amd64"/>
    <property name="sun.jnu.encoding" value="GBK"/>
    <property name="java.class.path" value="C:\Users\admin\.m2\repository\org\apache\maven\surefire\surefire-booter\3.0.0-M3\surefire-booter-3.0.0-M3.jar;C:\Users\admin\.m2\repository\org\apache\maven\surefire\surefire-api\3.0.0-M3\surefire-api-3.0.0-M3.jar;C:\Users\admin\.m2\repository\org\apache\maven\surefire\surefire-logger-api\3.0.0-M3\surefire-logger-api-3.0.0-M3.jar;C:\Users\admin\Downloads\shiro\samples\web\target\test-classes;C:\Users\admin\Downloads\shiro\samples\web\target\classes;C:\Users\admin\.m2\repository\javax\servlet\jstl\1.2\jstl-1.2.jar;C:\Users\admin\.m2\repository\javax\servlet\javax.servlet-api\3.1.0\javax.servlet-api-3.1.0.jar;C:\Users\admin\.m2\repository\org\slf4j\slf4j-log4j12\1.7.21\slf4j-log4j12-1.7.21.jar;C:\Users\admin\.m2\repository\org\slf4j\slf4j-api\1.7.21\slf4j-api-1.7.21.jar;C:\Users\admin\.m2\repository\log4j\log4j\1.2.17\log4j-1.2.17.jar;C:\Users\admin\.m2\repository\net\sourceforge\htmlunit\htmlunit\2.23\htmlunit-2.23.jar;C:\Users\admin\.m2\repository\xalan\xalan\2.7.2\xalan-2.7.2.jar;C:\Users\admin\.m2\repository\xalan\serializer\2.7.2\serializer-2.7.2.jar;C:\Users\admin\.m2\repository\org\apache\commons\commons-lang3\3.4\commons-lang3-3.4.jar;C:\Users\admin\.m2\repository\org\apache\httpcomponents\httpclient\4.5.2\httpclient-4.5.2.jar;C:\Users\admin\.m2\repository\org\apache\httpcomponents\httpcore\4.4.4\httpcore-4.4.4.jar;C:\Users\admin\.m2\repository\org\apache\httpcomponents\httpmime\4.5.2\httpmime-4.5.2.jar;C:\Users\admin\.m2\repository\commons-codec\commons-codec\1.10\commons-codec-1.10.jar;C:\Users\admin\.m2\repository\net\sourceforge\htmlunit\htmlunit-core-js\2.23\htmlunit-core-js-2.23.jar;C:\Users\admin\.m2\repository\net\sourceforge\htmlunit\neko-htmlunit\2.23\neko-htmlunit-2.23.jar;C:\Users\admin\.m2\repository\xerces\xercesImpl\2.11.0\xercesImpl-2.11.0.jar;C:\Users\admin\.m2\repository\xml-apis\xml-apis\1.4.01\xml-apis-1.4.01.jar;C:\Users\admin\.m2\repository\net\sourceforge\cssparser\cssparser\0.9.20\cssparser-0.9.20.jar;C:\Users\admin\.m2\repository\org\w3c\css\sac\1.3\sac-1.3.jar;C:\Users\admin\.m2\repository\commons-io\commons-io\2.5\commons-io-2.5.jar;C:\Users\admin\.m2\repository\commons-logging\commons-logging\1.2\commons-logging-1.2.jar;C:\Users\admin\.m2\repository\org\eclipse\jetty\websocket\websocket-client\9.2.18.v20160721\websocket-client-9.2.18.v20160721.jar;C:\Users\admin\.m2\repository\org\eclipse\jetty\jetty-io\9.2.18.v20160721\jetty-io-9.2.18.v20160721.jar;C:\Users\admin\.m2\repository\org\eclipse\jetty\websocket\websocket-common\9.2.18.v20160721\websocket-common-9.2.18.v20160721.jar;C:\Users\admin\.m2\repository\org\eclipse\jetty\websocket\websocket-api\9.2.18.v20160721\websocket-api-9.2.18.v20160721.jar;C:\Users\admin\.m2\repository\org\apache\shiro\shiro-core\1.4.1\shiro-core-1.4.1.jar;C:\Users\admin\.m2\repository\org\apache\shiro\shiro-lang\1.4.1\shiro-lang-1.4.1.jar;C:\Users\admin\.m2\repository\org\apache\shiro\shiro-cache\1.4.1\shiro-cache-1.4.1.jar;C:\Users\admin\.m2\repository\org\apache\shiro\shiro-crypto-hash\1.4.1\shiro-crypto-hash-1.4.1.jar;C:\Users\admin\.m2\repository\org\apache\shiro\shiro-crypto-core\1.4.1\shiro-crypto-core-1.4.1.jar;C:\Users\admin\.m2\repository\org\apache\shiro\shiro-crypto-cipher\1.4.1\shiro-crypto-cipher-1.4.1.jar;C:\Users\admin\.m2\repository\org\apache\shiro\shiro-config-core\1.4.1\shiro-config-core-1.4.1.jar;C:\Users\admin\.m2\repository\org\apache\shiro\shiro-config-ogdl\1.4.1\shiro-config-ogdl-1.4.1.jar;C:\Users\admin\.m2\repository\commons-beanutils\commons-beanutils\1.9.3\commons-beanutils-1.9.3.jar;C:\Users\admin\.m2\repository\commons-collections\commons-collections\3.2.2\commons-collections-3.2.2.jar;C:\Users\admin\.m2\repository\org\apache\shiro\shiro-event\1.4.1\shiro-event-1.4.1.jar;C:\Users\admin\.m2\repository\org\apache\shiro\shiro-web\1.4.1\shiro-web-1.4.1.jar;C:\Users\admin\.m2\repository\taglibs\standard\1.1.2\standard-1.1.2.jar;C:\Users\admin\.m2\repository\org\slf4j\jcl-over-slf4j\1.7.21\jcl-over-slf4j-1.7.21.jar;C:\Users\admin\.m2\repository\org\eclipse\jetty\apache-jsp\9.3.0.M1\apache-jsp-9.3.0.M1.jar;C:\Users\admin\.m2\repository\org\eclipse\jetty\jetty-util\9.3.0.M1\jetty-util-9.3.0.M1.jar;C:\Users\admin\.m2\repository\org\eclipse\jetty\toolchain\jetty-schemas\3.1.M0\jetty-schemas-3.1.M0.jar;C:\Users\admin\.m2\repository\org\mortbay\jasper\apache-jsp\8.0.9.M3\apache-jsp-8.0.9.M3.jar;C:\Users\admin\.m2\repository\org\mortbay\jasper\apache-el\8.0.9.M3\apache-el-8.0.9.M3.jar;C:\Users\admin\.m2\repository\org\eclipse\jetty\orbit\org.eclipse.jdt.core\3.8.2.v20130121\org.eclipse.jdt.core-3.8.2.v20130121.jar;C:\Users\admin\.m2\repository\org\apache\taglibs\taglibs-standard-spec\1.2.1\taglibs-standard-spec-1.2.1.jar;C:\Users\admin\.m2\repository\org\apache\taglibs\taglibs-standard-impl\1.2.1\taglibs-standard-impl-1.2.1.jar;C:\Users\admin\.m2\repository\org\apache\shiro\integrationtests\shiro-its-support\1.4.1\shiro-its-support-1.4.1.jar;C:\Users\admin\.m2\repository\com\github\mjeanroy\junit-servers-jetty\0.4.2\junit-servers-jetty-0.4.2.jar;C:\Users\admin\.m2\repository\com\github\mjeanroy\junit-servers-core\0.4.2\junit-servers-core-0.4.2.jar;C:\Users\admin\.m2\repository\org\eclipse\jetty\jetty-server\9.3.0.M1\jetty-server-9.3.0.M1.jar;C:\Users\admin\.m2\repository\org\eclipse\jetty\jetty-http\9.3.0.M1\jetty-http-9.3.0.M1.jar;C:\Users\admin\.m2\repository\org\eclipse\jetty\jetty-webapp\9.3.0.M1\jetty-webapp-9.3.0.M1.jar;C:\Users\admin\.m2\repository\org\eclipse\jetty\jetty-xml\9.3.0.M1\jetty-xml-9.3.0.M1.jar;C:\Users\admin\.m2\repository\org\eclipse\jetty\jetty-servlet\9.3.0.M1\jetty-servlet-9.3.0.M1.jar;C:\Users\admin\.m2\repository\org\eclipse\jetty\jetty-security\9.3.0.M1\jetty-security-9.3.0.M1.jar;C:\Users\admin\.m2\repository\org\eclipse\jetty\jetty-jsp\9.3.0.M1\jetty-jsp-9.3.0.M1.jar;C:\Users\admin\.m2\repository\javax\servlet\jsp\javax.servlet.jsp-api\2.3.1\javax.servlet.jsp-api-2.3.1.jar;C:\Users\admin\.m2\repository\org\glassfish\web\javax.servlet.jsp\2.3.2\javax.servlet.jsp-2.3.2.jar;C:\Users\admin\.m2\repository\org\eclipse\jetty\orbit\javax.servlet.jsp.jstl\1.2.0.v201105211821\javax.servlet.jsp.jstl-1.2.0.v201105211821.jar;C:\Users\admin\.m2\repository\org\glassfish\web\javax.servlet.jsp.jstl\1.2.2\javax.servlet.jsp.jstl-1.2.2.jar;C:\Users\admin\.m2\repository\org\glassfish\javax.el\3.0.0\javax.el-3.0.0.jar;C:\Users\admin\.m2\repository\org\eclipse\jetty\jetty-jndi\9.3.0.M1\jetty-jndi-9.3.0.M1.jar;C:\Users\admin\.m2\repository\org\eclipse\jetty\jetty-annotations\9.3.0.M1\jetty-annotations-9.3.0.M1.jar;C:\Users\admin\.m2\repository\org\eclipse\jetty\jetty-plus\9.3.0.M1\jetty-plus-9.3.0.M1.jar;C:\Users\admin\.m2\repository\javax\annotation\javax.annotation-api\1.2\javax.annotation-api-1.2.jar;C:\Users\admin\.m2\repository\org\ow2\asm\asm\5.0.1\asm-5.0.1.jar;C:\Users\admin\.m2\repository\org\ow2\asm\asm-commons\5.0.1\asm-commons-5.0.1.jar;C:\Users\admin\.m2\repository\org\ow2\asm\asm-tree\5.0.1\asm-tree-5.0.1.jar;C:\Users\admin\.m2\repository\org\eclipse\jetty\jetty-continuation\9.3.0.M1\jetty-continuation-9.3.0.M1.jar;C:\Users\admin\.m2\repository\org\eclipse\jetty\websocket\websocket-server\9.3.0.M1\websocket-server-9.3.0.M1.jar;C:\Users\admin\.m2\repository\org\eclipse\jetty\websocket\websocket-servlet\9.3.0.M1\websocket-servlet-9.3.0.M1.jar;C:\Users\admin\.m2\repository\junit\junit\4.12\junit-4.12.jar;C:\Users\admin\.m2\repository\org\hamcrest\hamcrest-core\1.3\hamcrest-core-1.3.jar;C:\Users\admin\.m2\repository\org\hamcrest\java-hamcrest\2.0.0.0\java-hamcrest-2.0.0.0.jar;C:\Users\admin\.m2\repository\org\easymock\easymock\3.4\easymock-3.4.jar;C:\Users\admin\.m2\repository\org\objenesis\objenesis\2.2\objenesis-2.2.jar;C:\Users\admin\.m2\repository\org\codehaus\groovy\groovy-all\2.4.7\groovy-all-2.4.7.jar;C:\Users\admin\.m2\repository\org\powermock\powermock-module-junit4\1.6.6\powermock-module-junit4-1.6.6.jar;C:\Users\admin\.m2\repository\org\powermock\powermock-module-junit4-common\1.6.6\powermock-module-junit4-common-1.6.6.jar;C:\Users\admin\.m2\repository\org\powermock\powermock-core\1.6.6\powermock-core-1.6.6.jar;C:\Users\admin\.m2\repository\org\javassist\javassist\3.21.0-GA\javassist-3.21.0-GA.jar;C:\Users\admin\.m2\repository\org\powermock\powermock-reflect\1.6.6\powermock-reflect-1.6.6.jar;C:\Users\admin\.m2\repository\org\powermock\powermock-api-easymock\1.6.6\powermock-api-easymock-1.6.6.jar;C:\Users\admin\.m2\repository\cglib\cglib-nodep\2.2.2\cglib-nodep-2.2.2.jar;C:\Users\admin\.m2\repository\org\powermock\powermock-api-support\1.6.6\powermock-api-support-1.6.6.jar;C:\Users\admin\.m2\repository\org\apache\maven\surefire\surefire-junit4\3.0.0-M3\surefire-junit4-3.0.0-M3.jar;C:\Users\admin\.m2\repository\org\apache\maven\surefire\common-java5\3.0.0-M3\common-java5-3.0.0-M3.jar;C:\Users\admin\.m2\repository\org\apache\maven\surefire\common-junit3\3.0.0-M3\common-junit3-3.0.0-M3.jar;C:\Users\admin\.m2\repository\org\apache\maven\surefire\common-junit4\3.0.0-M3\common-junit4-3.0.0-M3.jar;C:\\Users\\admin\\.m2\\repository\\org\\jacoco\\org.jacoco.agent\\0.8.3\\org.jacoco.agent-0.8.3-runtime.jar"/>
    <property name="java.vm.vendor" value="Oracle Corporation"/>
    <property name="sun.arch.data.model" value="64"/>
    <property name="user.variant" value=""/>
    <property name="java.vendor.url" value="http://java.oracle.com/"/>
    <property name="user.timezone" value="Asia/Shanghai"/>
    <property name="java.vm.specification.version" value="1.8"/>
    <property name="os.name" value="Windows 10"/>
    <property name="user.country" value="CN"/>
    <property name="sun.java.launcher" value="SUN_STANDARD"/>
    <property name="sun.boot.library.path" value="C:\Program Files\Java\jdk1.8.0_231\jre\bin"/>
    <property name="sun.java.command" value="org.apache.maven.surefire.booter.ForkedBooter C:\Users\admin\AppData\Local\Temp\surefire5683701157465348242 2021-06-30T16-28-14_399-jvmRun1 surefire2638797521546571962tmp surefire_08902321486493986432tmp"/>
    <property name="surefire.test.class.path" value="C:\Users\admin\Downloads\shiro\samples\web\target\test-classes;C:\Users\admin\Downloads\shiro\samples\web\target\classes;C:\Users\admin\.m2\repository\javax\servlet\jstl\1.2\jstl-1.2.jar;C:\Users\admin\.m2\repository\javax\servlet\javax.servlet-api\3.1.0\javax.servlet-api-3.1.0.jar;C:\Users\admin\.m2\repository\org\slf4j\slf4j-log4j12\1.7.21\slf4j-log4j12-1.7.21.jar;C:\Users\admin\.m2\repository\org\slf4j\slf4j-api\1.7.21\slf4j-api-1.7.21.jar;C:\Users\admin\.m2\repository\log4j\log4j\1.2.17\log4j-1.2.17.jar;C:\Users\admin\.m2\repository\net\sourceforge\htmlunit\htmlunit\2.23\htmlunit-2.23.jar;C:\Users\admin\.m2\repository\xalan\xalan\2.7.2\xalan-2.7.2.jar;C:\Users\admin\.m2\repository\xalan\serializer\2.7.2\serializer-2.7.2.jar;C:\Users\admin\.m2\repository\org\apache\commons\commons-lang3\3.4\commons-lang3-3.4.jar;C:\Users\admin\.m2\repository\org\apache\httpcomponents\httpclient\4.5.2\httpclient-4.5.2.jar;C:\Users\admin\.m2\repository\org\apache\httpcomponents\httpcore\4.4.4\httpcore-4.4.4.jar;C:\Users\admin\.m2\repository\org\apache\httpcomponents\httpmime\4.5.2\httpmime-4.5.2.jar;C:\Users\admin\.m2\repository\commons-codec\commons-codec\1.10\commons-codec-1.10.jar;C:\Users\admin\.m2\repository\net\sourceforge\htmlunit\htmlunit-core-js\2.23\htmlunit-core-js-2.23.jar;C:\Users\admin\.m2\repository\net\sourceforge\htmlunit\neko-htmlunit\2.23\neko-htmlunit-2.23.jar;C:\Users\admin\.m2\repository\xerces\xercesImpl\2.11.0\xercesImpl-2.11.0.jar;C:\Users\admin\.m2\repository\xml-apis\xml-apis\1.4.01\xml-apis-1.4.01.jar;C:\Users\admin\.m2\repository\net\sourceforge\cssparser\cssparser\0.9.20\cssparser-0.9.20.jar;C:\Users\admin\.m2\repository\org\w3c\css\sac\1.3\sac-1.3.jar;C:\Users\admin\.m2\repository\commons-io\commons-io\2.5\commons-io-2.5.jar;C:\Users\admin\.m2\repository\commons-logging\commons-logging\1.2\commons-logging-1.2.jar;C:\Users\admin\.m2\repository\org\eclipse\jetty\websocket\websocket-client\9.2.18.v20160721\websocket-client-9.2.18.v20160721.jar;C:\Users\admin\.m2\repository\org\eclipse\jetty\jetty-io\9.2.18.v20160721\jetty-io-9.2.18.v20160721.jar;C:\Users\admin\.m2\repository\org\eclipse\jetty\websocket\websocket-common\9.2.18.v20160721\websocket-common-9.2.18.v20160721.jar;C:\Users\admin\.m2\repository\org\eclipse\jetty\websocket\websocket-api\9.2.18.v20160721\websocket-api-9.2.18.v20160721.jar;C:\Users\admin\.m2\repository\org\apache\shiro\shiro-core\1.4.1\shiro-core-1.4.1.jar;C:\Users\admin\.m2\repository\org\apache\shiro\shiro-lang\1.4.1\shiro-lang-1.4.1.jar;C:\Users\admin\.m2\repository\org\apache\shiro\shiro-cache\1.4.1\shiro-cache-1.4.1.jar;C:\Users\admin\.m2\repository\org\apache\shiro\shiro-crypto-hash\1.4.1\shiro-crypto-hash-1.4.1.jar;C:\Users\admin\.m2\repository\org\apache\shiro\shiro-crypto-core\1.4.1\shiro-crypto-core-1.4.1.jar;C:\Users\admin\.m2\repository\org\apache\shiro\shiro-crypto-cipher\1.4.1\shiro-crypto-cipher-1.4.1.jar;C:\Users\admin\.m2\repository\org\apache\shiro\shiro-config-core\1.4.1\shiro-config-core-1.4.1.jar;C:\Users\admin\.m2\repository\org\apache\shiro\shiro-config-ogdl\1.4.1\shiro-config-ogdl-1.4.1.jar;C:\Users\admin\.m2\repository\commons-beanutils\commons-beanutils\1.9.3\commons-beanutils-1.9.3.jar;C:\Users\admin\.m2\repository\commons-collections\commons-collections\3.2.2\commons-collections-3.2.2.jar;C:\Users\admin\.m2\repository\org\apache\shiro\shiro-event\1.4.1\shiro-event-1.4.1.jar;C:\Users\admin\.m2\repository\org\apache\shiro\shiro-web\1.4.1\shiro-web-1.4.1.jar;C:\Users\admin\.m2\repository\taglibs\standard\1.1.2\standard-1.1.2.jar;C:\Users\admin\.m2\repository\org\slf4j\jcl-over-slf4j\1.7.21\jcl-over-slf4j-1.7.21.jar;C:\Users\admin\.m2\repository\org\eclipse\jetty\apache-jsp\9.3.0.M1\apache-jsp-9.3.0.M1.jar;C:\Users\admin\.m2\repository\org\eclipse\jetty\jetty-util\9.3.0.M1\jetty-util-9.3.0.M1.jar;C:\Users\admin\.m2\repository\org\eclipse\jetty\toolchain\jetty-schemas\3.1.M0\jetty-schemas-3.1.M0.jar;C:\Users\admin\.m2\repository\org\mortbay\jasper\apache-jsp\8.0.9.M3\apache-jsp-8.0.9.M3.jar;C:\Users\admin\.m2\repository\org\mortbay\jasper\apache-el\8.0.9.M3\apache-el-8.0.9.M3.jar;C:\Users\admin\.m2\repository\org\eclipse\jetty\orbit\org.eclipse.jdt.core\3.8.2.v20130121\org.eclipse.jdt.core-3.8.2.v20130121.jar;C:\Users\admin\.m2\repository\org\apache\taglibs\taglibs-standard-spec\1.2.1\taglibs-standard-spec-1.2.1.jar;C:\Users\admin\.m2\repository\org\apache\taglibs\taglibs-standard-impl\1.2.1\taglibs-standard-impl-1.2.1.jar;C:\Users\admin\.m2\repository\org\apache\shiro\integrationtests\shiro-its-support\1.4.1\shiro-its-support-1.4.1.jar;C:\Users\admin\.m2\repository\com\github\mjeanroy\junit-servers-jetty\0.4.2\junit-servers-jetty-0.4.2.jar;C:\Users\admin\.m2\repository\com\github\mjeanroy\junit-servers-core\0.4.2\junit-servers-core-0.4.2.jar;C:\Users\admin\.m2\repository\org\eclipse\jetty\jetty-server\9.3.0.M1\jetty-server-9.3.0.M1.jar;C:\Users\admin\.m2\repository\org\eclipse\jetty\jetty-http\9.3.0.M1\jetty-http-9.3.0.M1.jar;C:\Users\admin\.m2\repository\org\eclipse\jetty\jetty-webapp\9.3.0.M1\jetty-webapp-9.3.0.M1.jar;C:\Users\admin\.m2\repository\org\eclipse\jetty\jetty-xml\9.3.0.M1\jetty-xml-9.3.0.M1.jar;C:\Users\admin\.m2\repository\org\eclipse\jetty\jetty-servlet\9.3.0.M1\jetty-servlet-9.3.0.M1.jar;C:\Users\admin\.m2\repository\org\eclipse\jetty\jetty-security\9.3.0.M1\jetty-security-9.3.0.M1.jar;C:\Users\admin\.m2\repository\org\eclipse\jetty\jetty-jsp\9.3.0.M1\jetty-jsp-9.3.0.M1.jar;C:\Users\admin\.m2\repository\javax\servlet\jsp\javax.servlet.jsp-api\2.3.1\javax.servlet.jsp-api-2.3.1.jar;C:\Users\admin\.m2\repository\org\glassfish\web\javax.servlet.jsp\2.3.2\javax.servlet.jsp-2.3.2.jar;C:\Users\admin\.m2\repository\org\eclipse\jetty\orbit\javax.servlet.jsp.jstl\1.2.0.v201105211821\javax.servlet.jsp.jstl-1.2.0.v201105211821.jar;C:\Users\admin\.m2\repository\org\glassfish\web\javax.servlet.jsp.jstl\1.2.2\javax.servlet.jsp.jstl-1.2.2.jar;C:\Users\admin\.m2\repository\org\glassfish\javax.el\3.0.0\javax.el-3.0.0.jar;C:\Users\admin\.m2\repository\org\eclipse\jetty\jetty-jndi\9.3.0.M1\jetty-jndi-9.3.0.M1.jar;C:\Users\admin\.m2\repository\org\eclipse\jetty\jetty-annotations\9.3.0.M1\jetty-annotations-9.3.0.M1.jar;C:\Users\admin\.m2\repository\org\eclipse\jetty\jetty-plus\9.3.0.M1\jetty-plus-9.3.0.M1.jar;C:\Users\admin\.m2\repository\javax\annotation\javax.annotation-api\1.2\javax.annotation-api-1.2.jar;C:\Users\admin\.m2\repository\org\ow2\asm\asm\5.0.1\asm-5.0.1.jar;C:\Users\admin\.m2\repository\org\ow2\asm\asm-commons\5.0.1\asm-commons-5.0.1.jar;C:\Users\admin\.m2\repository\org\ow2\asm\asm-tree\5.0.1\asm-tree-5.0.1.jar;C:\Users\admin\.m2\repository\org\eclipse\jetty\jetty-continuation\9.3.0.M1\jetty-continuation-9.3.0.M1.jar;C:\Users\admin\.m2\repository\org\eclipse\jetty\websocket\websocket-server\9.3.0.M1\websocket-server-9.3.0.M1.jar;C:\Users\admin\.m2\repository\org\eclipse\jetty\websocket\websocket-servlet\9.3.0.M1\websocket-servlet-9.3.0.M1.jar;C:\Users\admin\.m2\repository\junit\junit\4.12\junit-4.12.jar;C:\Users\admin\.m2\repository\org\hamcrest\hamcrest-core\1.3\hamcrest-core-1.3.jar;C:\Users\admin\.m2\repository\org\hamcrest\java-hamcrest\2.0.0.0\java-hamcrest-2.0.0.0.jar;C:\Users\admin\.m2\repository\org\easymock\easymock\3.4\easymock-3.4.jar;C:\Users\admin\.m2\repository\org\objenesis\objenesis\2.2\objenesis-2.2.jar;C:\Users\admin\.m2\repository\org\codehaus\groovy\groovy-all\2.4.7\groovy-all-2.4.7.jar;C:\Users\admin\.m2\repository\org\powermock\powermock-module-junit4\1.6.6\powermock-module-junit4-1.6.6.jar;C:\Users\admin\.m2\repository\org\powermock\powermock-module-junit4-common\1.6.6\powermock-module-junit4-common-1.6.6.jar;C:\Users\admin\.m2\repository\org\powermock\powermock-core\1.6.6\powermock-core-1.6.6.jar;C:\Users\admin\.m2\repository\org\javassist\javassist\3.21.0-GA\javassist-3.21.0-GA.jar;C:\Users\admin\.m2\repository\org\powermock\powermock-reflect\1.6.6\powermock-reflect-1.6.6.jar;C:\Users\admin\.m2\repository\org\powermock\powermock-api-easymock\1.6.6\powermock-api-easymock-1.6.6.jar;C:\Users\admin\.m2\repository\cglib\cglib-nodep\2.2.2\cglib-nodep-2.2.2.jar;C:\Users\admin\.m2\repository\org\powermock\powermock-api-support\1.6.6\powermock-api-support-1.6.6.jar;"/>
    <property name="sun.cpu.endian" value="little"/>
    <property name="user.home" value="C:\Users\admin"/>
    <property name="user.language" value="zh"/>
    <property name="java.specification.vendor" value="Oracle Corporation"/>
    <property name="java.home" value="C:\Program Files\Java\jdk1.8.0_231\jre"/>
    <property name="basedir" value="C:\Users\admin\Downloads\shiro\samples\web"/>
    <property name="file.separator" value="\"/>
    <property name="line.separator" value="&#10;"/>
    <property name="java.vm.specification.vendor" value="Oracle Corporation"/>
    <property name="java.specification.name" value="Java Platform API Specification"/>
    <property name="java.awt.graphicsenv" value="sun.awt.Win32GraphicsEnvironment"/>
    <property name="sun.boot.class.path" value="C:\Program Files\Java\jdk1.8.0_231\jre\lib\resources.jar;C:\Program Files\Java\jdk1.8.0_231\jre\lib\rt.jar;C:\Program Files\Java\jdk1.8.0_231\jre\lib\sunrsasign.jar;C:\Program Files\Java\jdk1.8.0_231\jre\lib\jsse.jar;C:\Program Files\Java\jdk1.8.0_231\jre\lib\jce.jar;C:\Program Files\Java\jdk1.8.0_231\jre\lib\charsets.jar;C:\Program Files\Java\jdk1.8.0_231\jre\lib\jfr.jar;C:\Program Files\Java\jdk1.8.0_231\jre\classes"/>
    <property name="user.script" value=""/>
    <property name="sun.management.compiler" value="HotSpot 64-Bit Tiered Compilers"/>
    <property name="java.runtime.version" value="1.8.0_231-b11"/>
    <property name="user.name" value="admin"/>
    <property name="path.separator" value=";"/>
    <property name="os.version" value="10.0"/>
    <property name="java.endorsed.dirs" value="C:\Program Files\Java\jdk1.8.0_231\jre\lib\endorsed"/>
    <property name="java.runtime.name" value="Java(TM) SE Runtime Environment"/>
    <property name="file.encoding" value="GBK"/>
    <property name="java.vm.name" value="Java HotSpot(TM) 64-Bit Server VM"/>
    <property name="localRepository" value="C:\Users\admin\.m2\repository"/>
    <property name="java.vendor.url.bug" value="http://bugreport.sun.com/bugreport/"/>
    <property name="java.io.tmpdir" value="C:\Users\admin\AppData\Local\Temp\"/>
    <property name="java.version" value="1.8.0_231"/>
    <property name="user.dir" value="C:\Users\admin\Downloads\shiro\samples\web"/>
    <property name="os.arch" value="amd64"/>
    <property name="java.vm.specification.name" value="Java Virtual Machine Specification"/>
    <property name="java.awt.printerjob" value="sun.awt.windows.WPrinterJob"/>
    <property name="sun.os.patch.level" value=""/>
    <property name="java.library.path" value="C:\Program Files\Java\jdk1.8.0_231\jre\bin;C:\WINDOWS\Sun\Java\bin;C:\WINDOWS\system32;C:\WINDOWS;D:\Application\Xftp\;C:\WINDOWS\system32;C:\WINDOWS;C:\WINDOWS\System32\Wbem;C:\WINDOWS\System32\WindowsPowerShell\v1.0\;C:\WINDOWS\System32\OpenSSH\;C:\Program Files\Java\jdk1.8.0_231\bin;C:\Program Files\Java\jdk1.8.0_231\jre\bin;D:\Application\apache-tomcat-8.5.53\bin;D:\Application\apache-maven-3.6.3\bin;C:\Program Files\Microsoft SQL Server\Client SDK\ODBC\110\Tools\Binn\;F:\SQLServer\120\Tools\Binn\;C:\Program Files\Microsoft SQL Server\120\Tools\Binn\;C:\Program Files\Microsoft SQL Server\120\DTS\Binn\;D:\Tools\cmder;D:\phpstudy_pro\Extensions\php\php5.6.9nts;E:\Vagrant\bin;C:\Program Files\Git\cmd;C:\Users\admin\AppData\Local\Android\Sdk\platform-tools;C:\ProgramData\chocolatey\bin;D:\Application\Appium\node_modules\.bin;D:\Application\node-v6.9.4-win-x64;D:\Application\go\bin;C:\Python27;C:\Python37;D:\Tools\Nmap;C:\Python27\Scripts;C:\Python37\Scripts;D:\Tools\netcat;C:\Program Files\JetBrains\IntelliJ IDEA Community Edition 2019.3.4\bin;D:\Application\PyCharm 2020.1.1\bin;C:\Users\admin\AppData\Local\GitHubDesktop\bin;D:\Tools\Fiddler;C:\Users\admin\go\bin;C:\Users\admin\AppData\Local\Microsoft\WindowsApps;D:\Application\Microsoft VS Code\bin;."/>
    <property name="java.vm.info" value="mixed mode"/>
    <property name="java.vendor" value="Oracle Corporation"/>
    <property name="java.vm.version" value="25.231-b11"/>
    <property name="java.ext.dirs" value="C:\Program Files\Java\jdk1.8.0_231\jre\lib\ext;C:\WINDOWS\Sun\Java\lib\ext"/>
    <property name="sun.io.unicode.encoding" value="UnicodeLittle"/>
    <property name="java.class.version" value="52.0"/>
  </properties>
  <testcase name="logIn" classname="org.apache.shiro.test.ContainerIntegrationIT" time="5.253"/>
</testsuite>